============================= test session starts ==============================
platform darwin -- Python 3.12.12, pytest-9.1.1, pluggy-1.6.0 -- /Users/vishalnigammacminioffice/.cache/uv/builds-v0/.tmpCclqVg/bin/python
cachedir: .pytest_cache
rootdir: /Users/vishalnigammacminioffice/wtf-avatar-factory/wtf/factory-core
configfile: pyproject.toml
testpaths: tests
collecting ... collected 63 items

tests/test_adapters.py::test_module_level_dark_flags PASSED              [  1%]
tests/test_adapters.py::test_every_adapter_is_dark_by_default PASSED     [  3%]
tests/test_adapters.py::test_every_adapter_refuses_live_construction PASSED [  4%]
tests/test_adapters.py::test_run_requires_a_job PASSED                   [  6%]
tests/test_adapters.py::test_stage_result_rejects_bad_mode_and_output PASSED [  7%]
tests/test_adapters.py::test_voice_and_render_stubs_are_offline_and_write_nothing PASSED [  9%]
tests/test_adapters.py::test_gate_score_is_deterministic_and_ranged PASSED [ 11%]
tests/test_adapters.py::test_publisher_stub_makes_no_call PASSED         [ 12%]
tests/test_adapters.py::test_no_network_imports_anywhere_in_factory_core PASSED [ 14%]
tests/test_adapters.py::test_every_import_is_stdlib_or_intra_package PASSED [ 15%]
tests/test_cli.py::test_init_db_creates_schema PASSED                    [ 17%]
tests/test_cli.py::test_add_defaults_to_db_path_and_prints_id PASSED     [ 19%]
tests/test_cli.py::test_add_json_and_script_file PASSED                  [ 20%]
tests/test_cli.py::test_full_cli_lifecycle PASSED                        [ 22%]
tests/test_cli.py::test_events_command PASSED                            [ 23%]
tests/test_cli.py::test_domain_errors_exit_3 PASSED                      [ 25%]
tests/test_cli.py::test_reject_flow PASSED                               [ 26%]
tests/test_cli.py::test_run_on_empty_queue_is_ok PASSED                  [ 28%]
tests/test_cli.py::test_bad_arguments_exit_2 PASSED                      [ 30%]
tests/test_cli.py::test_doctor_reports_dark_flags PASSED                 [ 31%]
tests/test_cli.py::test_demo_writes_log_and_receipt PASSED               [ 33%]
tests/test_cli.py::test_module_invocation_works PASSED                   [ 34%]
tests/test_cli.py::test_contract_default_db_path_flagged_for_review PASSED [ 36%]
tests/test_jobqueue.py::test_default_db_path_is_the_contract_path PASSED [ 38%]
tests/test_jobqueue.py::test_schema_matches_brief_exactly PASSED         [ 39%]
tests/test_jobqueue.py::test_schema_columns_and_types PASSED             [ 41%]
tests/test_jobqueue.py::test_init_schema_is_idempotent PASSED            [ 42%]
tests/test_jobqueue.py::test_add_requires_core_fields PASSED             [ 44%]
tests/test_jobqueue.py::test_add_and_get_roundtrip PASSED                [ 46%]
tests/test_jobqueue.py::test_list_filters_status_and_limit PASSED        [ 47%]
tests/test_jobqueue.py::test_fifo_order_with_identical_timestamps PASSED [ 49%]
tests/test_jobqueue.py::test_happy_path_transitions_and_events PASSED    [ 50%]
tests/test_jobqueue.py::test_illegal_transitions_fail_closed PASSED      [ 52%]
tests/test_jobqueue.py::test_state_machine_matches_schema_v1 PASSED      [ 53%]
tests/test_jobqueue.py::test_fail_is_idempotent_and_requeue_works PASSED [ 55%]
tests/test_jobqueue.py::test_fail_refused_on_terminal_jobs PASSED        [ 57%]
tests/test_jobqueue.py::test_concurrent_update_is_detected PASSED        [ 58%]
tests/test_jobqueue.py::test_update_job_field_whitelist PASSED           [ 60%]
tests/test_jobqueue.py::test_record_gate_validation_and_storage PASSED   [ 61%]
tests/test_jobqueue.py::test_counts_zero_filled PASSED                   [ 63%]
tests/test_jobqueue.py::test_events_store_json_meta_and_limit PASSED     [ 65%]
tests/test_jobqueue.py::test_connection_is_wal_and_busy_tolerant PASSED  [ 66%]
tests/test_jobqueue.py::test_create_false_requires_existing_file PASSED  [ 68%]
tests/test_jobqueue.py::test_raw_sqlite_compatibility PASSED             [ 69%]
tests/test_jobqueue.py::test_no_writes_outside_db_path PASSED            [ 71%]
tests/test_no_network.py::test_full_lifecycle_with_socket_guard PASSED   [ 73%]
tests/test_no_network.py::test_cli_demo_under_socket_guard PASSED        [ 74%]
tests/test_no_network.py::test_cli_run_and_publish_under_socket_guard PASSED [ 76%]
tests/test_pipeline.py::test_run_once_returns_none_on_empty_queue PASSED [ 77%]
tests/test_pipeline.py::test_happy_path_reaches_gated_with_events PASSED [ 79%]
tests/test_pipeline.py::test_until_rendered_stops_before_gate PASSED     [ 80%]
tests/test_pipeline.py::test_drain_processes_all_queued PASSED           [ 82%]
tests/test_pipeline.py::test_adapter_failure_marks_failed_with_reason PASSED [ 84%]
tests/test_pipeline.py::test_adapter_exception_is_contained PASSED       [ 85%]
tests/test_pipeline.py::test_gate_without_score_fails_closed PASSED      [ 87%]
tests/test_pipeline.py::test_run_job_requires_queued_and_requeue_unlocks_retry PASSED [ 88%]
tests/test_pipeline.py::test_until_validation PASSED                     [ 90%]
tests/test_pipeline.py::test_missing_or_broken_adapters_rejected PASSED  [ 92%]
tests/test_pipeline.py::test_publish_only_touches_approved PASSED        [ 93%]
tests/test_pipeline.py::test_reject_flow_never_publishes PASSED          [ 95%]
tests/test_pipeline.py::test_publish_failure_marks_failed PASSED         [ 96%]
tests/test_pipeline.py::test_stats_and_counts_after_lifecycle PASSED     [ 98%]
tests/test_pipeline.py::test_drain_limit_bounds_work PASSED              [100%]

============================== 63 passed in 0.26s ==============================
