============================= test session starts ==============================
platform darwin -- Python 3.11.14, pytest-9.1.1, pluggy-1.6.0
rootdir: /Users/vishalnigammacminioffice/wtf-avatar-factory/wtf/qa-gate
configfile: pytest.ini
testpaths: tests
plugins: asyncio-1.4.0, anyio-4.14.2
asyncio: mode=Mode.STRICT, debug=False, asyncio_default_fixture_loop_scope=None, asyncio_default_test_loop_scope=function
collected 72 items

tests/test_adversarial.py .......                                        [  9%]
tests/test_bestofn.py .......                                            [ 19%]
tests/test_checks.py .......                                             [ 29%]
tests/test_cli.py ........                                               [ 40%]
tests/test_db_record.py .........                                        [ 52%]
tests/test_integrity.py ..........                                       [ 66%]
tests/test_policy.py .........                                           [ 79%]
tests/test_scoring.py .......                                            [ 88%]
tests/test_stubs.py ........                                             [100%]

============================== 72 passed in 6.04s ==============================
